{
  "RSpec": {
    "coverage": {
      "/Users/yasheshshah/Desktop/Projects/Bookmark-Manager/spec/bookmark_spec.rb": [
        1,
        null,
        1,
        1,
        1,
        1,
        null,
        1,
        1,
        1,
        null,
        null,
        null
      ],
      "/Users/yasheshshah/Desktop/Projects/Bookmark-Manager/spec/features/bookmarks_spec.rb": [
        1,
        null,
        1,
        1,
        1,
        null,
        1,
        1,
        1,
        null,
        null
      ],
      "/Users/yasheshshah/Desktop/Projects/Bookmark-Manager/spec/features/hello_world_spec.rb": [
        1,
        null,
        1,
        1,
        1,
        1,
        null,
        null
      ]
    },
    "timestamp": 1565619073
  }
}
